make[1]: Entering directory `/home/nvt01041/na51000_bsp/NT96680_BSP_20180823_TK/NA51000_BSP/lib'
make[2]: Entering directory `/home/nvt01041/na51000_bsp/NT96680_BSP_20180823_TK/NA51000_BSP/lib/nvtauth'
>>> Skip
make[2]: Leaving directory `/home/nvt01041/na51000_bsp/NT96680_BSP_20180823_TK/NA51000_BSP/lib/nvtauth'
make[2]: Entering directory `/home/nvt01041/na51000_bsp/NT96680_BSP_20180823_TK/NA51000_BSP/lib/nvtcodec'
>>> Skip
make[2]: Leaving directory `/home/nvt01041/na51000_bsp/NT96680_BSP_20180823_TK/NA51000_BSP/lib/nvtcodec'
make[2]: Entering directory `/home/nvt01041/na51000_bsp/NT96680_BSP_20180823_TK/NA51000_BSP/lib/nvtdevinfo'
rm -vf nvtdevinfo_cfg.o nvtdevinfo_defcfg.o nvtdevinfo_status.o nvtdevinfo_ctrl.o *.o *.a *.so*
removed 'nvtdevinfo_cfg.o'
removed 'nvtdevinfo_defcfg.o'
removed 'nvtdevinfo_status.o'
removed 'nvtdevinfo_ctrl.o'
removed 'libnvtdevinfo.a'
removed 'libnvtdevinfo.so'
make[2]: Leaving directory `/home/nvt01041/na51000_bsp/NT96680_BSP_20180823_TK/NA51000_BSP/lib/nvtdevinfo'
make[2]: Entering directory `/home/nvt01041/na51000_bsp/NT96680_BSP_20180823_TK/NA51000_BSP/lib/nvtevent'
>>> Skip
make[2]: Leaving directory `/home/nvt01041/na51000_bsp/NT96680_BSP_20180823_TK/NA51000_BSP/lib/nvtevent'
make[2]: Entering directory `/home/nvt01041/na51000_bsp/NT96680_BSP_20180823_TK/NA51000_BSP/lib/nvthough'
>>> Skip
make[2]: Leaving directory `/home/nvt01041/na51000_bsp/NT96680_BSP_20180823_TK/NA51000_BSP/lib/nvthough'
make[2]: Entering directory `/home/nvt01041/na51000_bsp/NT96680_BSP_20180823_TK/NA51000_BSP/lib/nvtinfo'
>>> Skip
make[2]: Leaving directory `/home/nvt01041/na51000_bsp/NT96680_BSP_20180823_TK/NA51000_BSP/lib/nvtinfo'
make[2]: Entering directory `/home/nvt01041/na51000_bsp/NT96680_BSP_20180823_TK/NA51000_BSP/lib/nvtipc'
>>> Skip
make[2]: Leaving directory `/home/nvt01041/na51000_bsp/NT96680_BSP_20180823_TK/NA51000_BSP/lib/nvtipc'
make[2]: Entering directory `/home/nvt01041/na51000_bsp/NT96680_BSP_20180823_TK/NA51000_BSP/lib/nvtisp'
>>> Skip
make[2]: Leaving directory `/home/nvt01041/na51000_bsp/NT96680_BSP_20180823_TK/NA51000_BSP/lib/nvtisp'
make[2]: Entering directory `/home/nvt01041/na51000_bsp/NT96680_BSP_20180823_TK/NA51000_BSP/lib/nvtivs'
>>> Skip
make[2]: Leaving directory `/home/nvt01041/na51000_bsp/NT96680_BSP_20180823_TK/NA51000_BSP/lib/nvtivs'
make[2]: Entering directory `/home/nvt01041/na51000_bsp/NT96680_BSP_20180823_TK/NA51000_BSP/lib/nvtlibc'
>>> Skip
make[2]: Leaving directory `/home/nvt01041/na51000_bsp/NT96680_BSP_20180823_TK/NA51000_BSP/lib/nvtlibc'
make[2]: Entering directory `/home/nvt01041/na51000_bsp/NT96680_BSP_20180823_TK/NA51000_BSP/lib/nvtlive555'
echo ">>> Skip"
>>> Skip
make[2]: Leaving directory `/home/nvt01041/na51000_bsp/NT96680_BSP_20180823_TK/NA51000_BSP/lib/nvtlive555'
make[2]: Entering directory `/home/nvt01041/na51000_bsp/NT96680_BSP_20180823_TK/NA51000_BSP/lib/nvtlog'
>>> Skip
make[2]: Leaving directory `/home/nvt01041/na51000_bsp/NT96680_BSP_20180823_TK/NA51000_BSP/lib/nvtlog'
make[2]: Entering directory `/home/nvt01041/na51000_bsp/NT96680_BSP_20180823_TK/NA51000_BSP/lib/nvtmemhotplug'
>>> Skip
make[2]: Leaving directory `/home/nvt01041/na51000_bsp/NT96680_BSP_20180823_TK/NA51000_BSP/lib/nvtmemhotplug'
make[2]: Entering directory `/home/nvt01041/na51000_bsp/NT96680_BSP_20180823_TK/NA51000_BSP/lib/nvtnn'
>>> Skip
make[2]: Leaving directory `/home/nvt01041/na51000_bsp/NT96680_BSP_20180823_TK/NA51000_BSP/lib/nvtnn'
make[2]: Entering directory `/home/nvt01041/na51000_bsp/NT96680_BSP_20180823_TK/NA51000_BSP/lib/nvtpstore'
>>> Skip
make[2]: Leaving directory `/home/nvt01041/na51000_bsp/NT96680_BSP_20180823_TK/NA51000_BSP/lib/nvtpstore'
make[2]: Entering directory `/home/nvt01041/na51000_bsp/NT96680_BSP_20180823_TK/NA51000_BSP/lib/nvtrecord'
>>> Skip
make[2]: Leaving directory `/home/nvt01041/na51000_bsp/NT96680_BSP_20180823_TK/NA51000_BSP/lib/nvtrecord'
make[2]: Entering directory `/home/nvt01041/na51000_bsp/NT96680_BSP_20180823_TK/NA51000_BSP/lib/nvtrtmpclient'
>>> Skip
make[2]: Leaving directory `/home/nvt01041/na51000_bsp/NT96680_BSP_20180823_TK/NA51000_BSP/lib/nvtrtmpclient'
make[2]: Entering directory `/home/nvt01041/na51000_bsp/NT96680_BSP_20180823_TK/NA51000_BSP/lib/nvtssl'
>>> Skip
make[2]: Leaving directory `/home/nvt01041/na51000_bsp/NT96680_BSP_20180823_TK/NA51000_BSP/lib/nvtssl'
make[2]: Entering directory `/home/nvt01041/na51000_bsp/NT96680_BSP_20180823_TK/NA51000_BSP/lib/nvtstreamreceiver'
>>> Skip
make[2]: Leaving directory `/home/nvt01041/na51000_bsp/NT96680_BSP_20180823_TK/NA51000_BSP/lib/nvtstreamreceiver'
make[2]: Entering directory `/home/nvt01041/na51000_bsp/NT96680_BSP_20180823_TK/NA51000_BSP/lib/nvtstreamsender'
>>> Skip
make[2]: Leaving directory `/home/nvt01041/na51000_bsp/NT96680_BSP_20180823_TK/NA51000_BSP/lib/nvtstreamsender'
make[2]: Entering directory `/home/nvt01041/na51000_bsp/NT96680_BSP_20180823_TK/NA51000_BSP/lib/nvtuctrl'
>>> Skip
make[2]: Leaving directory `/home/nvt01041/na51000_bsp/NT96680_BSP_20180823_TK/NA51000_BSP/lib/nvtuctrl'
make[2]: Entering directory `/home/nvt01041/na51000_bsp/NT96680_BSP_20180823_TK/NA51000_BSP/lib/nvtvideosprite'
>>> Skip
make[2]: Leaving directory `/home/nvt01041/na51000_bsp/NT96680_BSP_20180823_TK/NA51000_BSP/lib/nvtvideosprite'
make[2]: Entering directory `/home/nvt01041/na51000_bsp/NT96680_BSP_20180823_TK/NA51000_BSP/lib/proprietary'
>>> Skip
make[2]: Leaving directory `/home/nvt01041/na51000_bsp/NT96680_BSP_20180823_TK/NA51000_BSP/lib/proprietary'
make[2]: Entering directory `/home/nvt01041/na51000_bsp/NT96680_BSP_20180823_TK/NA51000_BSP/lib/pushrtmp'
>>> Skip
make[2]: Leaving directory `/home/nvt01041/na51000_bsp/NT96680_BSP_20180823_TK/NA51000_BSP/lib/pushrtmp'
make[2]: Entering directory `/home/nvt01041/na51000_bsp/NT96680_BSP_20180823_TK/NA51000_BSP/lib/external'
>>>>>>>>>>>>>>>>>>> Remove >>>>>>>>>>>>>>>>>>>
make[2]: Leaving directory `/home/nvt01041/na51000_bsp/NT96680_BSP_20180823_TK/NA51000_BSP/lib/external'
removed './libopencv_features2d.so'
removed './libzbar.la'
removed './libopencv_calib3d.so.3.2.0'
removed './libfreetype.so.6.3.16'
removed './libcrypto.so'
removed './libnvtlibc.a'
removed './libnvtlive555.a'
removed './libopencv_stitching.so'
removed './libavcodec.so.57'
removed './libopencv_features2d.so.3.2.0'
removed './libnvtrecord.a'
removed './libnvtdevinfo.so'
removed './libzbar.so'
removed './libnvtivs.a'
removed './libnl-genl-3.so.200.22.0'
removed './libopencv_videoio.so.3.2.0'
removed './libopencv_photo.so'
removed './libcharset.so.1.0.0'
removed './libcurl.a'
removed './libxml2.so.2.9.3'
removed './libopencv_video.so.3.2'
removed './libnvtauth.so'
removed './libiw.so'
removed './libnl-route-3.a'
removed './libopencv_core.so'
removed './libopencv_videostab.so.3.2.0'
removed './libnl-idiag-3.so'
removed './libnvtuctrl.so'
removed './libnvtinfo.so'
removed './libcrypto.a'
removed './libavformat.so.57.25.100'
removed './libopencv_shape.so.3.2'
removed './libavutil.so.55'
removed './libcurl.la'
removed './libopencv_video.so.3.2.0'
removed './libcharset.so.1'
removed './libnl-idiag-3.so.200.22.0'
removed './libnl-route-3.so.200'
removed './libiconv.la'
removed './libnvtvideosprite.so'
removed './libnl-cli-3.so.200.22.0'
removed './libopencv_highgui.so.3.2'
removed './libpushrtmp.a'
removed './libopencv_highgui.so.3.2.0'
removed './libnvtmemhotplug.so'
removed './libssl.so.1.0.0'
removed './libiconv.so.2'
removed './libnl-nf-3.so.200'
removed './libcurl.so'
removed './libnl-xfrm-3.a'
removed './libfreetype.la'
removed './libopencv_videostab.so'
removed './libopencv_imgcodecs.so.3.2'
removed './libulockmgr.so.1'
removed './libopencv_imgcodecs.so'
removed './libnl-3.la'
removed './libfreetype.so'
removed './libulockmgr.a'
removed './libwolfssl.la'
removed './libcharset.la'
removed './libnvtnn.so'
removed './libopencv_calib3d.so'
removed './libnl-genl.so'
removed './libiconv.so'
removed './libnvthough.a'
removed './libnvtinfo.a'
removed './libopencv_objdetect.so'
removed './libnl-cli-3.la'
removed './libnvtlog.so'
removed './libxml2.so.2'
removed './libnl-xfrm-3.la'
removed './libiw.so.29'
removed './libopencv_videoio.so'
removed './libopencv_core.so.3.2'
removed './libsqlite3.so'
removed './libnl-genl-3.so'
removed './libulockmgr.so.1.0.1'
removed './libwolfssl.so.3'
removed './libnl-3.so.200.22.0'
removed './libnvtrecord.so'
removed './libnl-genl-3.a'
removed './libnvtstreamsender.so'
removed './libopencv_flann.so.3.2.0'
removed './libnvtisp.a'
removed './libopencv_imgproc.so.3.2'
removed './libavutil.so.55.17.103'
removed './libfuse.la'
removed './libfuse.so.2'
removed './libcrypto.so.1.0.0'
removed './libnvtmemhotplug.a'
removed './libopencv_highgui.so'
removed './libxml2.la'
removed './libnvtstreamreceiver.so'
removed './libsqlite3.a'
removed './libnvtuctrl.a'
removed './libnvtisp.so'
removed './libcurl.so.4.4.0'
removed './libnl-3.so'
removed './libavformat.so'
removed './libopencv_imgproc.so.3.2.0'
removed './libzbar.so.0'
removed './charset.alias'
removed './libcurl.so.4'
removed './libcharset.a'
removed './libopencv_objdetect.so.3.2'
removed './libnvtcodec.a'
removed './libnl-cli-3.a'
removed './libopencv_calib3d.so.3.2'
removed './libulockmgr.la'
removed './libopencv_objdetect.so.3.2.0'
removed './libnvtstreamreceiver.a'
removed './libxml2.a'
removed './preloadable_libiconv.so'
removed './libnvtpstore.so'
removed './libopencv_features2d.so.3.2'
removed './libnvtssl.so'
removed './libnvtrtmpclient.a'
removed './libopencv_videoio.so.3.2'
removed './libcharset.so'
removed './libopencv_imgproc.so'
removed './libnl-idiag-3.a'
removed './libopencv_photo.so.3.2.0'
removed './libwolfssl.so'
removed './libnl-cli-3.so.200'
removed './libnl-route-3.so'
removed './libnl.so'
removed './libopencv_shape.so'
removed './libnvtipc.a'
removed './libnvtssl.a'
removed './libavcodec.so.57.24.102'
removed './libopencv_flann.so.3.2'
removed './libssl.so'
removed './libopencv_video.so'
removed './libnl-route-3.so.200.22.0'
removed './libnl-genl-3.so.200'
removed './libnvtlibc.so'
removed './libopencv_stitching.so.3.2.0'
removed './libopencv_core.so.3.2.0'
removed './libzbar.a'
removed './libopencv_videostab.so.3.2'
removed './libopencv_superres.so.3.2.0'
removed './libnl-nf-3.so.200.22.0'
removed './libnvtevent.so'
removed './libnvtdevinfo.a'
removed './libopencv_ml.so'
removed './libnl-idiag-3.la'
removed './libnl-nf-3.so'
removed './libnvtivs.so'
removed './libnl-cli-3.so'
removed './libnl-xfrm-3.so'
removed './libnl-genl-3.la'
removed './libfuse.so.2.9.4'
removed './libulockmgr.so'
removed './libnvtevent.a'
removed './libnl-3.a'
removed './libnvthough.so'
removed './libnl-3.so.200'
removed './libopencv_superres.so'
removed './libfuse.a'
removed './libnvtlog.a'
removed './libnvtnn.a'
removed './libopencv_flann.so'
removed './libnvtipc.so'
removed './libopencv_superres.so.3.2'
removed './libopencv_ml.so.3.2'
removed './libxml2.so'
removed './libnvtauth.a'
removed './libnvtpstore.a'
removed './libssl.a'
removed './libzbar.so.0.2.0'
removed './libfuse.so'
removed './libiconv.so.2.6.0'
removed './libnvtstreamsender.a'
removed './libnl-nf-3.la'
removed './libfreetype.so.6'
removed './libnl-xfrm-3.so.200.22.0'
removed './libnl-idiag-3.so.200'
removed './libnl-nf-3.a'
removed './libnl-xfrm-3.so.200'
removed './libavformat.so.57'
removed './libavcodec.so'
removed './libnl-route-3.la'
removed './libwolfssl.so.3.6.0'
removed './libfreetype.a'
removed './libavutil.so'
removed './libopencv_imgcodecs.so.3.2.0'
removed './libnvtlive555.so'
removed './libopencv_ml.so.3.2.0'
removed './libopencv_stitching.so.3.2'
removed './libnvtvideosprite.a'
removed './libnvtcodec.so'
removed './libopencv_photo.so.3.2'
removed './libopencv_shape.so.3.2.0'
make[1]: Leaving directory `/home/nvt01041/na51000_bsp/NT96680_BSP_20180823_TK/NA51000_BSP/lib'
